2024-03-06T08:49:14.664Z  INFO 1 --- [msvc-usuarios] [main] c.k.s.m.u.MsvcUsuariosApplication        : Starting MsvcUsuariosApplication v0.0.1-SNAPSHOT using Java 21.0.2 with PID 1 (/app/msvc-usuarios-0.0.1-SNAPSHOT.jar started by root in /app)
2024-03-06T08:49:14.671Z  INFO 1 --- [msvc-usuarios] [main] c.k.s.m.u.MsvcUsuariosApplication        : No active profile set, falling back to 1 default profile: "default"
2024-03-06T08:49:16.805Z  INFO 1 --- [msvc-usuarios] [main] .s.d.r.c.RepositoryConfigurationDelegate : Bootstrapping Spring Data JPA repositories in DEFAULT mode.
2024-03-06T08:49:16.937Z  INFO 1 --- [msvc-usuarios] [main] .s.d.r.c.RepositoryConfigurationDelegate : Finished Spring Data repository scanning in 114 ms. Found 1 JPA repository interface.
2024-03-06T08:49:17.315Z  INFO 1 --- [msvc-usuarios] [main] o.s.cloud.context.scope.GenericScope     : BeanFactory id=fc527c14-5ae2-377e-8bb5-3374ca20bff7
2024-03-06T08:49:18.100Z  INFO 1 --- [msvc-usuarios] [main] o.s.b.w.embedded.tomcat.TomcatWebServer  : Tomcat initialized with port 8001 (http)
2024-03-06T08:49:18.129Z  INFO 1 --- [msvc-usuarios] [main] o.apache.catalina.core.StandardService   : Starting service [Tomcat]
2024-03-06T08:49:18.129Z  INFO 1 --- [msvc-usuarios] [main] o.apache.catalina.core.StandardEngine    : Starting Servlet engine: [Apache Tomcat/10.1.19]
2024-03-06T08:49:18.172Z  INFO 1 --- [msvc-usuarios] [main] o.a.c.c.C.[Tomcat].[localhost].[/]       : Initializing Spring embedded WebApplicationContext
2024-03-06T08:49:18.172Z  INFO 1 --- [msvc-usuarios] [main] w.s.c.ServletWebServerApplicationContext : Root WebApplicationContext: initialization completed in 3272 ms
2024-03-06T08:49:18.399Z  INFO 1 --- [msvc-usuarios] [main] com.zaxxer.hikari.HikariDataSource       : HikariPool-1 - Starting...
2024-03-06T08:49:19.226Z  INFO 1 --- [msvc-usuarios] [main] com.zaxxer.hikari.pool.HikariPool        : HikariPool-1 - Added connection com.mysql.cj.jdbc.ConnectionImpl@266e9dda
2024-03-06T08:49:19.229Z  INFO 1 --- [msvc-usuarios] [main] com.zaxxer.hikari.HikariDataSource       : HikariPool-1 - Start completed.
2024-03-06T08:49:19.308Z  INFO 1 --- [msvc-usuarios] [main] o.hibernate.jpa.internal.util.LogHelper  : HHH000204: Processing PersistenceUnitInfo [name: default]
2024-03-06T08:49:19.415Z  INFO 1 --- [msvc-usuarios] [main] org.hibernate.Version                    : HHH000412: Hibernate ORM core version 6.4.4.Final
2024-03-06T08:49:19.486Z  INFO 1 --- [msvc-usuarios] [main] o.h.c.internal.RegionFactoryInitiator    : HHH000026: Second-level cache disabled
2024-03-06T08:49:19.975Z  INFO 1 --- [msvc-usuarios] [main] o.s.o.j.p.SpringPersistenceUnitInfo      : No LoadTimeWeaver setup: ignoring JPA class transformer
2024-03-06T08:49:20.120Z  WARN 1 --- [msvc-usuarios] [main] org.hibernate.orm.deprecation            : HHH90000025: MySQLDialect does not need to be specified explicitly using 'hibernate.dialect' (remove the property setting and it will be selected by default)
2024-03-06T08:49:21.669Z  INFO 1 --- [msvc-usuarios] [main] o.h.e.t.j.p.i.JtaPlatformInitiator       : HHH000489: No JTA platform available (set 'hibernate.transaction.jta.platform' to enable JTA platform integration)
2024-03-06T08:49:21.855Z  INFO 1 --- [msvc-usuarios] [main] j.LocalContainerEntityManagerFactoryBean : Initialized JPA EntityManagerFactory for persistence unit 'default'
2024-03-06T08:49:22.668Z  INFO 1 --- [msvc-usuarios] [main] o.s.d.j.r.query.QueryEnhancerFactory     : Hibernate is in classpath; If applicable, HQL parser will be used.
2024-03-06T08:49:24.145Z  WARN 1 --- [msvc-usuarios] [main] JpaBaseConfiguration$JpaWebConfiguration : spring.jpa.open-in-view is enabled by default. Therefore, database queries may be performed during view rendering. Explicitly configure spring.jpa.open-in-view to disable this warning
2024-03-06T08:49:25.487Z  INFO 1 --- [msvc-usuarios] [main] o.s.b.w.embedded.tomcat.TomcatWebServer  : Tomcat started on port 8001 (http) with context path ''
2024-03-06T08:49:25.515Z  INFO 1 --- [msvc-usuarios] [main] c.k.s.m.u.MsvcUsuariosApplication        : Started MsvcUsuariosApplication in 11.992 seconds (process running for 13.161)
